E, [2017-04-15T21:16:13.965982 #985] ERROR -- Kitchen: ------Exception-------
E, [2017-04-15T21:16:13.966108 #985] ERROR -- Kitchen: Class: Kitchen::UserError
E, [2017-04-15T21:16:13.966137 #985] ERROR -- Kitchen: Message: Kitchen YAML file /Users/Hiroshi/pi/recipes/.kitchen.yml does not exist.
E, [2017-04-15T21:16:13.966158 #985] ERROR -- Kitchen: ----------------------
E, [2017-04-15T21:16:13.966176 #985] ERROR -- Kitchen: ------Backtrace-------
E, [2017-04-15T21:16:13.966193 #985] ERROR -- Kitchen: /Users/Hiroshi/.rbenv/versions/2.2.2/lib/ruby/gems/2.2.0/gems/test-kitchen-1.16.0/lib/kitchen/loader/yaml.rb:71:in `read'
E, [2017-04-15T21:16:13.966211 #985] ERROR -- Kitchen: /Users/Hiroshi/.rbenv/versions/2.2.2/lib/ruby/gems/2.2.0/gems/test-kitchen-1.16.0/lib/kitchen/config.rb:152:in `data'
E, [2017-04-15T21:16:13.966230 #985] ERROR -- Kitchen: /Users/Hiroshi/.rbenv/versions/2.2.2/lib/ruby/gems/2.2.0/gems/test-kitchen-1.16.0/lib/kitchen/config.rb:131:in `suites'
E, [2017-04-15T21:16:13.966248 #985] ERROR -- Kitchen: /Users/Hiroshi/.rbenv/versions/2.2.2/lib/ruby/gems/2.2.0/gems/test-kitchen-1.16.0/lib/kitchen/config.rb:182:in `filter_instances'
E, [2017-04-15T21:16:13.966266 #985] ERROR -- Kitchen: /Users/Hiroshi/.rbenv/versions/2.2.2/lib/ruby/gems/2.2.0/gems/test-kitchen-1.16.0/lib/kitchen/config.rb:141:in `build_instances'
E, [2017-04-15T21:16:13.966294 #985] ERROR -- Kitchen: /Users/Hiroshi/.rbenv/versions/2.2.2/lib/ruby/gems/2.2.0/gems/test-kitchen-1.16.0/lib/kitchen/config.rb:117:in `instances'
E, [2017-04-15T21:16:13.966338 #985] ERROR -- Kitchen: /Users/Hiroshi/.rbenv/versions/2.2.2/lib/ruby/gems/2.2.0/gems/test-kitchen-1.16.0/lib/kitchen/command.rb:112:in `filtered_instances'
E, [2017-04-15T21:16:13.966356 #985] ERROR -- Kitchen: /Users/Hiroshi/.rbenv/versions/2.2.2/lib/ruby/gems/2.2.0/gems/test-kitchen-1.16.0/lib/kitchen/command.rb:142:in `parse_subcommand'
E, [2017-04-15T21:16:13.966373 #985] ERROR -- Kitchen: /Users/Hiroshi/.rbenv/versions/2.2.2/lib/ruby/gems/2.2.0/gems/test-kitchen-1.16.0/lib/kitchen/command/login.rb:29:in `call'
E, [2017-04-15T21:16:13.966390 #985] ERROR -- Kitchen: /Users/Hiroshi/.rbenv/versions/2.2.2/lib/ruby/gems/2.2.0/gems/test-kitchen-1.16.0/lib/kitchen/cli.rb:53:in `perform'
E, [2017-04-15T21:16:13.966407 #985] ERROR -- Kitchen: /Users/Hiroshi/.rbenv/versions/2.2.2/lib/ruby/gems/2.2.0/gems/test-kitchen-1.16.0/lib/kitchen/cli.rb:241:in `login'
E, [2017-04-15T21:16:13.966424 #985] ERROR -- Kitchen: /Users/Hiroshi/.rbenv/versions/2.2.2/lib/ruby/gems/2.2.0/gems/thor-0.19.1/lib/thor/command.rb:27:in `run'
E, [2017-04-15T21:16:13.966441 #985] ERROR -- Kitchen: /Users/Hiroshi/.rbenv/versions/2.2.2/lib/ruby/gems/2.2.0/gems/thor-0.19.1/lib/thor/invocation.rb:126:in `invoke_command'
E, [2017-04-15T21:16:13.966458 #985] ERROR -- Kitchen: /Users/Hiroshi/.rbenv/versions/2.2.2/lib/ruby/gems/2.2.0/gems/test-kitchen-1.16.0/lib/kitchen/cli.rb:334:in `invoke_task'
E, [2017-04-15T21:16:13.966475 #985] ERROR -- Kitchen: /Users/Hiroshi/.rbenv/versions/2.2.2/lib/ruby/gems/2.2.0/gems/thor-0.19.1/lib/thor.rb:359:in `dispatch'
E, [2017-04-15T21:16:13.966491 #985] ERROR -- Kitchen: /Users/Hiroshi/.rbenv/versions/2.2.2/lib/ruby/gems/2.2.0/gems/thor-0.19.1/lib/thor/base.rb:440:in `start'
E, [2017-04-15T21:16:13.966508 #985] ERROR -- Kitchen: /Users/Hiroshi/.rbenv/versions/2.2.2/lib/ruby/gems/2.2.0/gems/test-kitchen-1.16.0/bin/kitchen:13:in `block in <top (required)>'
E, [2017-04-15T21:16:13.966525 #985] ERROR -- Kitchen: /Users/Hiroshi/.rbenv/versions/2.2.2/lib/ruby/gems/2.2.0/gems/test-kitchen-1.16.0/lib/kitchen/errors.rb:171:in `with_friendly_errors'
E, [2017-04-15T21:16:13.966542 #985] ERROR -- Kitchen: /Users/Hiroshi/.rbenv/versions/2.2.2/lib/ruby/gems/2.2.0/gems/test-kitchen-1.16.0/bin/kitchen:13:in `<top (required)>'
E, [2017-04-15T21:16:13.966560 #985] ERROR -- Kitchen: /Users/Hiroshi/.rbenv/versions/2.2.2/bin/kitchen:23:in `load'
E, [2017-04-15T21:16:13.966576 #985] ERROR -- Kitchen: /Users/Hiroshi/.rbenv/versions/2.2.2/bin/kitchen:23:in `<main>'
E, [2017-04-15T21:16:13.966592 #985] ERROR -- Kitchen: ----End Backtrace-----
